nohup: ignoring input
[uwsgi-static] added check for /root/My_Blog/MYblog/
*** Starting uWSGI 2.0.17 (64bit) on [Tue Jul 10 10:51:53 2018] ***
compiled with version: 4.4.7 20120313 (Red Hat 4.4.7-23) on 05 July 2018 04:51:30
os: Linux-4.17.4-1.el6.elrepo.x86_64 #1 SMP Tue Jul 3 14:46:33 EDT 2018
nodename: anthing.com
machine: x86_64
clock source: unix
detected number of CPU cores: 1
current working directory: /root/My_Blog/MYblog
detected binary path: /root/b-env/bin/uwsgi
!!! no internal routing support, rebuild with pcre support !!!
uWSGI running as root, you can use --uid/--gid/--chroot options
*** WARNING: you are running uWSGI as root !!! (use the --uid flag) *** 
*** WARNING: you are running uWSGI without its master process manager ***
your processes number limit is 1822
your memory page size is 4096 bytes
detected max file descriptor number: 1024
building mime-types dictionary from file /etc/mime.types...883 entry found
lock engine: pthread robust mutexes
thunder lock: disabled (you can enable it with --thunder-lock)
uWSGI http bound on :8080 fd 4
spawned uWSGI http 1 (pid: 2139)
uwsgi socket 0 bound to TCP address 127.0.0.1:35337 (port auto-assigned) fd 3
uWSGI running as root, you can use --uid/--gid/--chroot options
*** WARNING: you are running uWSGI as root !!! (use the --uid flag) *** 
Python version: 3.5.2 (default, Jul  4 2018, 22:13:49)  [GCC 4.4.7 20120313 (Red Hat 4.4.7-23)]
*** Python threads support is disabled. You can enable it with --enable-threads ***
Python main interpreter initialized at 0x18b1a20
uWSGI running as root, you can use --uid/--gid/--chroot options
*** WARNING: you are running uWSGI as root !!! (use the --uid flag) *** 
your server socket listen backlog is limited to 100 connections
your mercy for graceful operations on workers is 60 seconds
mapped 72920 bytes (71 KB) for 1 cores
*** Operational MODE: single process ***
ImportError: No module named 'MYblog'
unable to load app 0 (mountpoint='') (callable not found or import error)
*** no app loaded. going in full dynamic mode ***
uWSGI running as root, you can use --uid/--gid/--chroot options
*** WARNING: you are running uWSGI as root !!! (use the --uid flag) *** 
*** uWSGI is running in multiple interpreter mode ***
spawned uWSGI worker 1 (and the only) (pid: 2138, cores: 1)
--- no python application found, check your startup logs for errors ---
[pid: 2138|app: -1|req: -1/1] 113.87.129.236 () {40 vars in 800 bytes} [Tue Jul 10 10:51:59 2018] GET / => generated 21 bytes in 0 msecs (HTTP/1.1 500) 2 headers in 83 bytes (0 switches on core 0)
--- no python application found, check your startup logs for errors ---
[pid: 2138|app: -1|req: -1/2] 113.87.129.236 () {42 vars in 806 bytes} [Tue Jul 10 10:51:59 2018] GET /favicon.ico => generated 21 bytes in 0 msecs (HTTP/1.1 500) 2 headers in 83 bytes (0 switches on core 0)
--- no python application found, check your startup logs for errors ---
[pid: 2138|app: -1|req: -1/3] 113.87.129.236 () {40 vars in 800 bytes} [Tue Jul 10 10:52:04 2018] GET / => generated 21 bytes in 0 msecs (HTTP/1.1 500) 2 headers in 83 bytes (0 switches on core 0)
--- no python application found, check your startup logs for errors ---
[pid: 2138|app: -1|req: -1/4] 113.87.129.236 () {38 vars in 753 bytes} [Tue Jul 10 10:52:04 2018] GET /favicon.ico => generated 21 bytes in 0 msecs (HTTP/1.1 500) 2 headers in 83 bytes (0 switches on core 0)
